<?xml version="1.0" encoding="UTF-8"?>
<!-- Generated by org.testng.reporters.JUnitXMLReporter -->
<testsuite ignored="0" hostname="DESKTOP-9VP6E9C" failures="1" tests="2" name="Test" time="18.532" errors="0" timestamp="14 Feb 2022 00:40:06 GMT">
  <testcase classname="Practice.testdemo" name="testcase1" time="6.211">
    <failure type="java.lang.AssertionError" message="The following asserts failed:
	expected [Automation1] but found [Automation Testing Insider: Different Elements on a Web Page]">
      <![CDATA[java.lang.AssertionError: The following asserts failed:
expected [Automation1] but found [Automation Testing Insider: Different Elements on a Web Page]
at Practice.testdemo.testcase1(testdemo.java:17)
... Removed 26 stack frames]]>
    </failure>
  </testcase> <!-- testcase1 -->
  <testcase classname="Practice.testdemo" name="testcase2" time="5.276"/>
</testsuite> <!-- Test -->
